<?xml version="1.0" encoding="utf-8"?><testsuites><testsuite errors="0" failures="1" hostname="Macbooks-MBP" name="pytest" skipped="0" tests="10" time="40.114" timestamp="2020-07-06T23:57:39.995446"><testcase classname="test_submit" file="test_submit.py" line="3" name="test_q1" time="0.001"></testcase><testcase classname="test_submit" file="test_submit.py" line="9" name="test_q2" time="0.107"></testcase><testcase classname="test_submit" file="test_submit.py" line="15" name="test_q3" time="0.007"></testcase><testcase classname="test_submit" file="test_submit.py" line="21" name="test_q4" time="0.002"></testcase><testcase classname="test_submit" file="test_submit.py" line="27" name="test_q5" time="0.172"></testcase><testcase classname="test_submit" file="test_submit.py" line="33" name="test_q6" time="0.003"></testcase><testcase classname="test_submit" file="test_submit.py" line="39" name="test_q7" time="0.011"></testcase><testcase classname="test_submit" file="test_submit.py" line="45" name="test_q8" time="0.013"></testcase><testcase classname="test_submit" file="test_submit.py" line="51" name="test_q9" time="0.035"></testcase><testcase classname="test_submit" file="test_submit.py" line="57" name="test_q10" time="12.060"><failure message="assert False">E   assert False</failure></testcase></testsuite></testsuites>